"C:/Users/smaloney/Documents/Unreal Projects/TargetShoot/Content/TargetShoot/Audio/Concrete/SW_Concrete1.uasset" 0
"C:/Users/smaloney/Documents/Unreal Projects/TargetShoot/Content/TargetShoot/Audio/Concrete/SW_Concrete2.uasset" 1
"C:/Users/smaloney/Documents/Unreal Projects/TargetShoot/Content/TargetShoot/Audio/Concrete/SW_Concrete3.uasset" 2
"C:/Users/smaloney/Documents/Unreal Projects/TargetShoot/Content/TargetShoot/Audio/Metal/SW_Metal1.uasset" 3
"C:/Users/smaloney/Documents/Unreal Projects/TargetShoot/Content/TargetShoot/Audio/Metal/SW_Metal2.uasset" 4
"C:/Users/smaloney/Documents/Unreal Projects/TargetShoot/Content/TargetShoot/Audio/PistolShot/SW_PistolShot1.uasset" 5
"C:/Users/smaloney/Documents/Unreal Projects/TargetShoot/Content/TargetShoot/Audio/PistolShot/SW_PistolShot2.uasset" 6
"C:/Users/smaloney/Documents/Unreal Projects/TargetShoot/Content/TargetShoot/Audio/Wood/SW_Wood1.uasset" 7
"C:/Users/smaloney/Documents/Unreal Projects/TargetShoot/Content/TargetShoot/Audio/Wood/SW_Wood2.uasset" 8
"C:/Users/smaloney/Documents/Unreal Projects/TargetShoot/Content/TargetShoot/Audio/Wood/SW_Wood3.uasset" 9
"C:/Users/smaloney/Documents/Unreal Projects/TargetShoot/Content/TargetShoot/Models/ElliotSharpRevolver/SM_Revolver_PhysicsAsset.uasset" 10
"C:/Users/smaloney/Documents/Unreal Projects/TargetShoot/Content/TargetShoot/Models/ElliotSharpRevolver/T_Revolver_R.uasset" 11
"C:/Users/smaloney/Documents/Unreal Projects/TargetShoot/Content/TargetShoot/Models/ElliotSharpRevolver/T_Revolver_N.uasset" 12
"C:/Users/smaloney/Documents/Unreal Projects/TargetShoot/Content/TargetShoot/Models/ElliotSharpRevolver/T_Revolver_M.uasset" 13
"C:/Users/smaloney/Documents/Unreal Projects/TargetShoot/Content/TargetShoot/Models/ElliotSharpRevolver/T_Revolver_E.uasset" 14
"C:/Users/smaloney/Documents/Unreal Projects/TargetShoot/Content/TargetShoot/Models/ElliotSharpRevolver/T_Revolver_D.uasset" 15
"C:/Users/smaloney/Documents/Unreal Projects/TargetShoot/Content/TargetShoot/Models/ElliotSharpRevolver/M_Revolver.uasset" 16
"C:/Users/smaloney/Documents/Unreal Projects/TargetShoot/Content/TargetShoot/Models/ElliotSharpRevolver/SM_Revolver_Skeleton.uasset" 17
"C:/Users/smaloney/Documents/Unreal Projects/TargetShoot/Content/TargetShoot/Models/ElliotSharpRevolver/SM_Revolver.uasset" 18
"../../Plugins/FX/Niagara/Content/Functions/System/SystemChangeState.uasset" 19
"../../Plugins/FX/Niagara/Content/Enums/ENiagaraSystemInactiveMode.uasset" 20
"../../Plugins/FX/Niagara/Content/Enums/ENiagara_EmitterStateOptions.uasset" 21
"../../Plugins/FX/Niagara/Content/Modules/System/SystemState.uasset" 22
"../../Plugins/FX/Niagara/Content/Modules/System/SystemLifeCycle.uasset" 23
"../../Plugins/FX/Niagara/Content/Enums/ENiagaraScaleColorMode.uasset" 24
"../../Plugins/FX/Niagara/Content/Modules/Update/Lifetime/ParticleState.uasset" 25
"../../Plugins/FX/Niagara/Content/Modules/Update/Color/ScaleColor.uasset" 26
"../../Plugins/FX/Niagara/Content/Functions/PolarToCartesianCoordinates.uasset" 27
"../../Plugins/FX/Niagara/Content/Enums/ENiagaraRandomnessMode.uasset" 28
"../../Plugins/FX/Niagara/Content/Functions/GetRandomInfo.uasset" 29
"../../Plugins/FX/Niagara/Content/Functions/RandomRangeFloat.uasset" 30
"../../Plugins/FX/Niagara/Content/Functions/DirectionAndLengthSafe.uasset" 31
"../../Plugins/FX/Niagara/Content/Functions/RandomVectorInCone.uasset" 32
"../../Plugins/FX/Niagara/Content/Functions/Math/RemapValueRange.uasset" 33
"../../Plugins/FX/Niagara/Content/Functions/Rotation/MultiplyVectorWithQuaternion.uasset" 34
"../../Plugins/FX/Niagara/Content/Functions/Rotation/FindQuatBetween.uasset" 35
"../../Plugins/FX/Niagara/Content/Enums/ENiagaraCoordinateSpace.uasset" 36
"../../Plugins/FX/Niagara/Content/Functions/Localspace/TransformBase.uasset" 37
"../../Plugins/FX/Niagara/Content/Functions/Localspace/TransformVector.uasset" 38
"../../Plugins/FX/Niagara/Content/Modules/Spawn/Velocity/AddVelocityInCone.uasset" 39
"../../Plugins/FX/Niagara/Content/DynamicInputs/ValueFromCurve/FloatFromCurve.uasset" 40
"../../Plugins/FX/Niagara/Content/Modules/Update/Forces/Drag.uasset" 41
"../../Plugins/FX/Niagara/Content/Functions/Localspace/SimulationPosition.uasset" 42
"../../Plugins/FX/Niagara/Content/Modules/Spawn/Initialization/InitializeParticle.uasset" 43
"../../Plugins/FX/Niagara/Content/Modules/Solvers/SolveForcesAndVelocity.uasset" 44
"../../Plugins/FX/Niagara/Content/Enums/ENiagaraRandomnessEvaluation.uasset" 45
"../../Plugins/FX/Niagara/Content/Functions/V2/CalculateRandomRangeFloat.uasset" 46
"../../Plugins/FX/Niagara/Content/Modules/Emitter/SpawnBurst_Instantaneous.uasset" 47
"../../Plugins/FX/Niagara/Content/Functions/Emitter/EmitterChangeState.uasset" 48
"../../Plugins/FX/Niagara/Content/Enums/ENiagaraExecutionStateManagement.uasset" 49
"../../Plugins/FX/Niagara/Content/Enums/ENiagaraInactiveMode.uasset" 50
"../../Plugins/FX/Niagara/Content/Enums/ENiagaraEmitterScalabilityMode_Limited.uasset" 51
"../../Plugins/FX/Niagara/Content/Enums/ENiagaraEmitterLifeCycleMode.uasset" 52
"../../Plugins/FX/Niagara/Content/Enums/ENiagara_InfiniteLoopDuration.uasset" 53
"../../Plugins/FX/Niagara/Content/Modules/Emitter/EmitterState.uasset" 54
"../../Plugins/FX/Niagara/Content/Modules/Emitter/EmitterLifeCycle.uasset" 55
"../../Plugins/FX/Niagara/Content/DynamicInputs/UniformRange/UniformRangedFloat.uasset" 56
"../../Plugins/FX/Niagara/Content/DefaultAssets/DefaultSpriteMaterial.uasset" 57
"C:/Users/smaloney/Documents/Unreal Projects/TargetShoot/Content/TargetShoot/FX/NE_MuzzleFlash.uasset" 58
"C:/Users/smaloney/Documents/Unreal Projects/TargetShoot/Content/TargetShoot/FX/NS_MuzzleFlash.uasset" 59
"C:/Users/smaloney/Documents/Unreal Projects/TargetShoot/Content/TargetShoot/Models/ElliotSharpRevolver/AS_Revolver_Fire.uasset" 60
"C:/Users/smaloney/Documents/Unreal Projects/TargetShoot/Content/TargetShoot/Models/ElliotSharpRevolver/T_Bullet_R.uasset" 61
"C:/Users/smaloney/Documents/Unreal Projects/TargetShoot/Content/TargetShoot/Models/ElliotSharpRevolver/T_Bullet_N.uasset" 62
"C:/Users/smaloney/Documents/Unreal Projects/TargetShoot/Content/TargetShoot/Models/ElliotSharpRevolver/T_Bullet_M.uasset" 63
"C:/Users/smaloney/Documents/Unreal Projects/TargetShoot/Content/TargetShoot/Models/ElliotSharpRevolver/T_Bullet_E.uasset" 64
"C:/Users/smaloney/Documents/Unreal Projects/TargetShoot/Content/TargetShoot/Models/ElliotSharpRevolver/T_Bullet_D.uasset" 65
"C:/Users/smaloney/Documents/Unreal Projects/TargetShoot/Content/TargetShoot/Models/ElliotSharpRevolver/T_Bullet_AO.uasset" 66
"C:/Users/smaloney/Documents/Unreal Projects/TargetShoot/Content/TargetShoot/Models/ElliotSharpRevolver/MI_Bullet.uasset" 67
"C:/Users/smaloney/Documents/Unreal Projects/TargetShoot/Content/TargetShoot/Models/ElliotSharpRevolver/S_Bullet.uasset" 68
"../../Plugins/FX/Niagara/Content/Modules/Update/Forces/GravityForce.uasset" 69
"../../Plugins/FX/Niagara/Content/Functions/RandomRangeInteger.uasset" 70
"../../Plugins/FX/Niagara/Content/DynamicInputs/UniformRange/UniformRangedInt.uasset" 71
"C:/Users/smaloney/Documents/Unreal Projects/TargetShoot/Content/TargetShoot/FX/NE_RicochetSparks.uasset" 72
"C:/Users/smaloney/Documents/Unreal Projects/TargetShoot/Content/TargetShoot/FX/NS_Sparks.uasset" 73
"C:/Users/smaloney/Documents/Unreal Projects/TargetShoot/Content/TargetShoot/Blueprints/FX/BP_SparksEffect.uasset" 74
"../../Plugins/FX/Niagara/Content/Enums/ENiagaraSimulationTarget.uasset" 75
"../../Plugins/FX/Niagara/Content/Enums/ENiagaraFrictionMergeType.uasset" 76
"../../Plugins/FX/Niagara/Content/Enums/ENiagaraCollisionRadiusOptions.uasset" 77
"../../Plugins/FX/Niagara/Content/Enums/ENiagaraCalculateRadiusOptions.uasset" 78
"../../Plugins/FX/Niagara/Content/Enums/ENiagara_GPUCollisionType.uasset" 79
"../../Plugins/FX/Niagara/Content/Enums/ENiagara_CPUCollisionType.uasset" 80
"C:/Users/smaloney/Documents/Unreal Projects/TargetShoot/Content/TargetShoot/Models/CementRubble/T_CementRubble_R.uasset" 81
"C:/Users/smaloney/Documents/Unreal Projects/TargetShoot/Content/TargetShoot/Models/CementRubble/T_CementRubble_N.uasset" 82
"C:/Users/smaloney/Documents/Unreal Projects/TargetShoot/Content/TargetShoot/Models/CementRubble/T_CementRubble_D.uasset" 83
"C:/Users/smaloney/Documents/Unreal Projects/TargetShoot/Content/TargetShoot/Materials/T_Optimized_D.uasset" 84
"C:/Users/smaloney/Documents/Unreal Projects/TargetShoot/Content/TargetShoot/Materials/M_Master_DNR.uasset" 85
"C:/Users/smaloney/Documents/Unreal Projects/TargetShoot/Content/TargetShoot/Models/CementRubble/MI_CementRubble.uasset" 86
"C:/Users/smaloney/Documents/Unreal Projects/TargetShoot/Content/TargetShoot/Models/CementRubble/S_CementRubble2.uasset" 87
"../../Plugins/FX/Niagara/Content/Modules/Collision/SceneDepthTest.uasset" 88
"../../Plugins/FX/Niagara/Content/Modules/Collision/NiagaraDistanceFieldCollisions.uasset" 89
"../../Plugins/FX/Niagara/Content/Functions/Collision/RandomizeCollisionNormals.uasset" 90
"../../Plugins/FX/Niagara/Content/Functions/Collision/PlaneSphereCollisionDetection.uasset" 91
"../../Plugins/FX/Niagara/Content/Functions/ReflectVector.uasset" 92
"../../Plugins/FX/Niagara/Content/Functions/ProjectVectorOnPlane.uasset" 93
"../../Plugins/FX/Niagara/Content/Functions/Math/CentimeterMeterConversion.uasset" 94
"../../Plugins/FX/Niagara/Content/Enums/ENiagaraRestitutionMergeType.uasset" 95
"../../Plugins/FX/Niagara/Content/Modules/Collision/CollisionQueryAndResponse.uasset" 96
"../../Plugins/FX/Niagara/Content/Functions/Helpers/DoOnce_fn.uasset" 97
"../../Plugins/FX/Niagara/Content/Functions/Rotation/MultiplyQuaternion.uasset" 98
"../../Plugins/FX/Niagara/Content/Functions/Rotation/AxisAngleToQuaternion.uasset" 99
"../../Plugins/FX/Niagara/Content/Functions/CalculateRadiusFromSpriteSize.uasset" 100
"../../Plugins/FX/Niagara/Content/Functions/CalculateMeshRadius.uasset" 101
"../../Plugins/FX/Niagara/Content/Functions/Localspace/TransformPosition.uasset" 102
"../../Plugins/FX/Niagara/Content/Modules/Collision/Collision.uasset" 103
"../../Plugins/FX/Niagara/Content/DynamicInputs/UniformRange/UniformRangedVector.uasset" 104
"../../Plugins/FX/Niagara/Content/DefaultAssets/M_Gnomon_Alpha.uasset" 105
"C:/Users/smaloney/Documents/Unreal Projects/TargetShoot/Content/TargetShoot/FX/NE_RockChips.uasset" 106
"C:/Users/smaloney/Documents/Unreal Projects/TargetShoot/Content/TargetShoot/FX/NS_RockChips.uasset" 107
"C:/Users/smaloney/Documents/Unreal Projects/TargetShoot/Content/TargetShoot/Blueprints/FX/BP_RockChipsEffect.uasset" 108
"C:/Users/smaloney/Documents/Unreal Projects/TargetShoot/Content/TargetShoot/Audio/Wood/SC_Wood.uasset" 109
"C:/Users/smaloney/Documents/Unreal Projects/TargetShoot/Content/TargetShoot/Audio/Metal/SC_Metal.uasset" 110
"C:/Users/smaloney/Documents/Unreal Projects/TargetShoot/Content/TargetShoot/Audio/SA_GunRange.uasset" 111
"C:/Users/smaloney/Documents/Unreal Projects/TargetShoot/Content/TargetShoot/Audio/Concrete/SC_Concrete.uasset" 112
"C:/Users/smaloney/Documents/Unreal Projects/TargetShoot/Content/TargetShoot/DataAssets/DA_EffectTable.uasset" 113
"C:/Users/smaloney/Documents/Unreal Projects/TargetShoot/Content/TargetShoot/Blueprints/Weapons/BP_Bullet.uasset" 114
"C:/Users/smaloney/Documents/Unreal Projects/TargetShoot/Content/TargetShoot/Audio/PistolShot/SC_PistolShot.uasset" 115
"C:/Users/smaloney/Documents/Unreal Projects/TargetShoot/Content/TargetShoot/Blueprints/Weapons/BP_Revolver.uasset" 116
"C:/Users/smaloney/Documents/Unreal Projects/TargetShoot/Content/TargetShoot/Blueprints/Core/BP_TargetShootCharacter.uasset" 117
"C:/Users/smaloney/Documents/Unreal Projects/TargetShoot/Content/TargetShoot/DataAssets/DA_Pool.uasset" 118
"C:/Users/smaloney/Documents/Unreal Projects/TargetShoot/Content/TargetShoot/Models/Teleport/TeleportMCP.uasset" 119
"C:/Users/smaloney/Documents/Unreal Projects/TargetShoot/Content/TargetShoot/Models/Teleport/M_TeleportPreviews.uasset" 120
"C:/Users/smaloney/Documents/Unreal Projects/TargetShoot/Content/TargetShoot/Models/Teleport/MI_TeleportCylinderPreview.uasset" 121
"C:/Users/smaloney/Documents/Unreal Projects/TargetShoot/Content/TargetShoot/Models/Teleport/S_FatCylinder.uasset" 122
"C:/Users/smaloney/Documents/Unreal Projects/TargetShoot/Content/TargetShoot/Models/Teleport/M_ArcEndpoint.uasset" 123
"C:/Users/smaloney/Documents/Unreal Projects/TargetShoot/Content/TargetShoot/Models/Teleport/S_Cube1x1.uasset" 124
"C:/Users/smaloney/Documents/Unreal Projects/TargetShoot/Content/TargetShoot/Models/Teleport/M_SplineArcMat.uasset" 125
"C:/Users/smaloney/Documents/Unreal Projects/TargetShoot/Content/TargetShoot/Models/Teleport/S_BeamMesh.uasset" 126
"C:/Users/smaloney/Documents/Unreal Projects/TargetShoot/Content/TargetShoot/Models/Teleport/S_BeaconDirection.uasset" 127
"C:/Users/smaloney/Documents/Unreal Projects/TargetShoot/Content/TargetShoot/Blueprints/Core/BP_TeleportTargetShootPawn.uasset" 128
"C:/Users/smaloney/Documents/Unreal Projects/TargetShoot/Content/TargetShoot/Blueprints/Core/BP_TargetShootGameMode.uasset" 129
"C:/Users/smaloney/Documents/Unreal Projects/TargetShoot/Content/TargetShoot/Blueprints/Core/BP_TargetShootPawn.uasset" 130
"C:/Users/smaloney/Documents/Unreal Projects/TargetShoot/Content/TargetShoot/Blueprints/TeleportPawn/HFE_MotionController.uasset" 131
"C:/Users/smaloney/Documents/Unreal Projects/TargetShoot/Content/TargetShoot/Blueprints/TeleportPawn/Materials/T_UE4_Mannequin_N.uasset" 132
"C:/Users/smaloney/Documents/Unreal Projects/TargetShoot/Content/TargetShoot/Blueprints/TeleportPawn/Materials/T_UE4_Mannequin_M.uasset" 133
"C:/Users/smaloney/Documents/Unreal Projects/TargetShoot/Content/TargetShoot/Blueprints/TeleportPawn/Materials/M_HandMat.uasset" 134
"C:/Users/smaloney/Documents/Unreal Projects/TargetShoot/Content/TargetShoot/Blueprints/TeleportPawn/SK_MannequinHand_Right.uasset" 135
"C:/Users/smaloney/Documents/Unreal Projects/TargetShoot/Content/TargetShoot/Blueprints/TeleportPawn/PA_MannequinHand_Right.uasset" 136
"C:/Users/smaloney/Documents/Unreal Projects/TargetShoot/Content/TargetShoot/Blueprints/TeleportPawn/SM_MannequinHand_Right.uasset" 137
"C:/Users/smaloney/Documents/Unreal Projects/TargetShoot/Content/TargetShoot/Blueprints/TeleportPawn/Animation/AS_MannequinHand_Right_Open.uasset" 138
"C:/Users/smaloney/Documents/Unreal Projects/TargetShoot/Content/TargetShoot/Blueprints/TeleportPawn/Animation/AS_MannequinHand_Right_Grab.uasset" 139
"C:/Users/smaloney/Documents/Unreal Projects/TargetShoot/Content/TargetShoot/Blueprints/TeleportPawn/Animation/AS_MannequinHand_Right_CanGrab.uasset" 140
"C:/Users/smaloney/Documents/Unreal Projects/TargetShoot/Content/TargetShoot/Blueprints/TeleportPawn/Animation/BS_RightGrip.uasset" 141
"C:/Users/smaloney/Documents/Unreal Projects/TargetShoot/Content/TargetShoot/Materials/T_Optimized_R.uasset" 142
"C:/Users/smaloney/Documents/Unreal Projects/TargetShoot/Content/TargetShoot/Materials/M_Decal.uasset" 143
"C:/Users/smaloney/Documents/Unreal Projects/TargetShoot/Content/TargetShoot/Materials/T_Optimized_N.uasset" 144
"C:/Users/smaloney/Documents/Unreal Projects/TargetShoot/Content/TargetShoot/Models/ElliotSharpRevolver/S_Revolver.uasset" 145
"C:/Users/smaloney/Documents/Unreal Projects/TargetShoot/Content/TargetShoot/Models/ElliotSharpRevolver/T_Revolver_AO.uasset" 146
"C:/Users/smaloney/Documents/Unreal Projects/TargetShoot/Content/TargetShoot/PhysicalMaterial/PM_Paper.uasset" 147
"C:/Users/smaloney/Documents/Unreal Projects/TargetShoot/Content/TargetShoot/Models/Target/T_Target_D.uasset" 148
"C:/Users/smaloney/Documents/Unreal Projects/TargetShoot/Content/TargetShoot/Models/Target/MI_Target.uasset" 149
"C:/Users/smaloney/Documents/Unreal Projects/TargetShoot/Content/TargetShoot/Models/Teleport/MI_ChaperoneOutline.uasset" 150
"../../../Engine/Content/Animation/DefaultAnimBoneCompressionSettings.uasset" 151
"../../../Engine/Content/Animation/DefaultAnimCurveCompressionSettings.uasset" 152
"../../../Engine/Content/EngineMaterials/T_Default_Material_Grid_N.uasset" 153
"../../../Engine/Content/EngineMaterials/T_Default_Material_Grid_M.uasset" 154
"../../../Engine/Content/Functions/Engine_MaterialFunctions01/Opacity/CameraDepthFade.uasset" 155
"../../../Engine/Content/EngineMaterials/WorldGridMaterial.uasset" 156
"../../../Engine/Content/ArtTools/RenderToTexture/Meshes/S_1_Unit_Plane.uasset" 157
"../../../Engine/Content/EngineMaterials/DefaultMaterial.uasset" 158
"../../../Engine/Content/BasicShapes/Cone.uasset" 159
"../../../Engine/Content/BasicShapes/Cube.uasset" 160
"../../../Engine/Content/BasicShapes/Plane.uasset" 161
"../../../Engine/Content/BasicShapes/Sphere.uasset" 162
"../../../Engine/Content/EditorLandscapeResources/DataLayer.uasset" 163
"../../../Engine/Content/EditorLandscapeResources/DefaultAlphaTexture.uasset" 164
"../../../Engine/Content/EditorMaterials/MAT_Groups_Toggle.uasset" 165
"../../../Engine/Content/EditorMaterials/MAT_Groups_Visibility.uasset" 166
"../../../Engine/Content/EditorMaterials/PreviewShadowIndicator.uasset" 167
"../../../Engine/Content/EditorMaterials/PreviewShadowIndicatorMaterial.uasset" 168
"../../../Engine/Content/EditorMaterials/MatineeGroups/MAT_ColorTrack.uasset" 169
"../../../Engine/Content/EditorMaterials/MatineeGroups/MAT_Groups_Anim.uasset" 170
"../../../Engine/Content/EditorMaterials/MatineeGroups/MAT_Groups_AudioMaster.uasset" 171
"../../../Engine/Content/EditorMaterials/MatineeGroups/MAT_Groups_Director.uasset" 172
"../../../Engine/Content/EditorMaterials/MatineeGroups/MAT_Groups_Event.uasset" 173
"../../../Engine/Content/EditorMaterials/MatineeGroups/MAT_Groups_Fade.uasset" 174
"../../../Engine/Content/EditorMaterials/MatineeGroups/MAT_Groups_Float.uasset" 175
"../../../Engine/Content/EditorMaterials/MatineeGroups/MAT_Groups_Move.uasset" 176
"../../../Engine/Content/EditorMaterials/MatineeGroups/MAT_Groups_Slomo.uasset" 177
"../../../Engine/Content/EditorMaterials/MatineeGroups/MAT_Groups_Sound.uasset" 178
"../../../Engine/Content/EditorMaterials/MatineeGroups/MAT_Groups_Vector.uasset" 179
"../../../Engine/Content/EditorMaterials/ParticleSystems/PSysThumbnail_NoImage.uasset" 180
"../../../Engine/Content/EditorMaterials/ParticleSystems/PSysThumbnail_OOD.uasset" 181
"../../../Engine/Content/EditorMaterials/Camera/CineMat.uasset" 182
"../../../Engine/Content/EditorMaterials/Camera/MI_CineMat_Rig.uasset" 183
"../../../Engine/Content/EditorMeshes/Camera/SM_CraneRig_Arm.uasset" 184
"../../../Engine/Content/EditorMeshes/Camera/SM_CraneRig_Base.uasset" 185
"../../../Engine/Content/EditorMeshes/Camera/SM_CraneRig_Body.uasset" 186
"../../../Engine/Content/EditorMeshes/Camera/SM_CraneRig_Mount.uasset" 187
"../../../Engine/Content/EditorMeshes/Camera/SM_RailRig_Mount.uasset" 188
"../../../Engine/Content/EditorMeshes/Camera/SM_RailRig_Track.uasset" 189
"../../../Engine/Content/EditorResources/BSPVertex.uasset" 190
"../../../Engine/Content/EditorResources/EmptyActor.uasset" 191
"../../../Engine/Content/EditorResources/S_Actor.uasset" 192
"../../../Engine/Content/EditorResources/S_Note.uasset" 193
"../../../Engine/Content/EditorResources/S_Solver.uasset" 194
"../../../Engine/Content/EditorResources/S_Terrain.uasset" 195
"../../../Engine/Content/EditorResources/S_Trigger.uasset" 196
"../../../Engine/Content/EditorResources/AudioIcons/S_AudioComponent_AutoActivate.uasset" 197
"../../../Engine/Content/EditorResources/SequenceRecorder/Countdown.uasset" 198
"../../../Engine/Content/EditorResources/SequenceRecorder/RecordingIndicator.uasset" 199
"../../../Engine/Content/EngineDamageTypes/DmgTypeBP_Environmental.uasset" 200
"../../../Engine/Content/EngineDebugMaterials/DebugEditorMaterial.uasset" 201
"../../../Engine/Content/EngineDebugMaterials/DebugMeshMaterial.uasset" 202
"../../../Engine/Content/EngineDebugMaterials/M_SimpleUnlitTranslucent.uasset" 203
"../../../Engine/Content/EngineDebugMaterials/VolumeToRender.uasset" 204
"../../../Engine/Content/Functions/Engine_MaterialFunctions02/Utility/CameraDirectionVector.uasset" 205
"../../../Engine/Content/EngineDebugMaterials/M_VolumeRenderSphereTracePP.uasset" 206
"../../../Engine/Content/Functions/Engine_MaterialFunctions01/Shading/ConvertFromDiffSpec.uasset" 207
"../../../Engine/Content/EngineDebugMaterials/VertexColorMaterial.uasset" 208
"../../../Engine/Content/EngineDebugMaterials/WireframeMaterial.uasset" 209
"../../../Engine/Content/EngineFonts/Faces/RobotoRegular.uasset" 210
"../../../Engine/Content/EngineFonts/Faces/RobotoLight.uasset" 211
"../../../Engine/Content/EngineFonts/Faces/RobotoItalic.uasset" 212
"../../../Engine/Content/EngineFonts/Faces/RobotoBoldItalic.uasset" 213
"../../../Engine/Content/EngineFonts/Faces/RobotoBold.uasset" 214
"../../../Engine/Content/EngineFonts/Faces/DroidSansFallback.uasset" 215
"../../../Engine/Content/EngineFonts/Roboto.uasset" 216
"../../../Engine/Content/EngineMaterials/BaseFlattenNormalMap.uasset" 217
"../../../Engine/Content/EngineMaterials/BaseFlattenGrayscaleMap.uasset" 218
"../../../Engine/Content/EngineMaterials/BaseFlattenEmissiveMap.uasset" 219
"../../../Engine/Content/EngineMaterials/BaseFlattenDiffuseMap.uasset" 220
"../../../Engine/Content/EngineMaterials/BaseFlattenMaterial.uasset" 221
"../../../Engine/Content/EngineMaterials/BlueNoise.uasset" 222
"../../../Engine/Content/EngineMaterials/DefaultBloomKernel.uasset" 223
"../../../Engine/Content/EngineMaterials/DefaultBokeh.uasset" 224
"../../../Engine/Content/EngineMaterials/DefaultDiffuse.uasset" 225
"../../../Engine/Content/EngineMaterials/DefaultDeferredDecalMaterial.uasset" 226
"../../../Engine/Content/EngineMaterials/DefaultLightFunctionMaterial.uasset" 227
"../../../Engine/Content/EngineMaterials/DefaultPhysicalMaterial.uasset" 228
"../../../Engine/Content/Functions/Engine_MaterialFunctions02/Utility/BreakOutFloat2Components.uasset" 229
"../../../Engine/Content/EngineMaterials/DefaultPostProcessMaterial.uasset" 230
"../../../Engine/Content/EngineFonts/RobotoDistanceField.uasset" 231
"../../../Engine/Content/EngineMaterials/DefaultTextMaterialOpaque.uasset" 232
"../../../Engine/Content/EngineMaterials/DefaultWhiteGrid.uasset" 233
"../../../Engine/Content/EngineMaterials/DefaultWhiteGrid_Low.uasset" 234
"../../../Engine/Content/EngineMaterials/EmissiveMeshMaterial.uasset" 235
"../../../Engine/Content/EngineMaterials/GizmoMaterial.uasset" 236
"../../../Engine/Content/EngineMaterials/Good64x64TilingNoiseHighFreq.uasset" 237
"../../../Engine/Content/EngineMaterials/MiniFont.uasset" 238
"../../../Engine/Content/EngineMaterials/InvalidLightmapSettings.uasset" 239
"../../../Engine/Content/EngineMaterials/M_InvalidLightmapSettings.uasset" 240
"../../../Engine/Content/Functions/Engine_MaterialFunctions02/WorldPositionOffset/CameraOffset.uasset" 241
"../../../Engine/Content/EngineMaterials/PhAT_JointLimitMaterial.uasset" 242
"../../../Engine/Content/EngineMaterials/PreintegratedSkinBRDF.uasset" 243
"../../../Engine/Content/EngineMaterials/RemoveSurfaceMaterial.uasset" 244
"../../../Engine/Content/EngineMaterials/WeightMapPlaceholderTexture.uasset" 245
"../../../Engine/Content/EngineResources/WhiteSquareTexture.uasset" 246
"../../../Engine/Content/EngineMaterials/Widget3DPassThrough.uasset" 247
"../../../Engine/Content/EngineMaterials/Widget3DPassThrough_Masked.uasset" 248
"../../../Engine/Content/EngineMaterials/Widget3DPassThrough_Opaque.uasset" 249
"../../../Engine/Content/EngineMaterials/Widget3DPassThrough_Masked_OneSided.uasset" 250
"../../../Engine/Content/EngineMaterials/Widget3DPassThrough_Opaque_OneSided.uasset" 251
"../../../Engine/Content/EngineMaterials/Widget3DPassThrough_Translucent.uasset" 252
"../../../Engine/Content/EngineMaterials/Widget3DPassThrough_Translucent_OneSided.uasset" 253
"../../../Engine/Content/EngineMeshes/Cylinder.uasset" 254
"../../../Engine/Content/EngineMeshes/Sphere.uasset" 255
"../../../Engine/Content/EngineResources/Black.uasset" 256
"../../../Engine/Content/EngineResources/DefaultTextureCube.uasset" 257
"../../../Engine/Content/EngineResources/DefaultVolumeTexture2D.uasset" 258
"../../../Engine/Content/EngineResources/DefaultVolumeTexture.uasset" 259
"../../../Engine/Content/EngineResources/GradientTexture0.uasset" 260
"../../../Engine/Content/EngineSky/VolumetricClouds/T_NoiseShape64.uasset" 261
"../../../Engine/Content/EngineSky/VolumetricClouds/T_VolumeNoiseShape64.uasset" 262
"../../../Engine/Content/EngineSky/VolumetricClouds/T_NoiseErosion.uasset" 263
"../../../Engine/Content/EngineSky/VolumetricClouds/T_VolumeNoiseErosion32.uasset" 264
"../../../Engine/Content/EngineSky/VolumetricClouds/CloudWeatherTexture.uasset" 265
"../../../Engine/Content/EngineSky/VolumetricClouds/CloudGradientTexture.uasset" 266
"../../../Engine/Content/Functions/Engine_MaterialFunctions02/Utility/MakeFloat2.uasset" 267
"../../../Engine/Content/EngineSky/VolumetricClouds/m_SimpleVolumetricCloud.uasset" 268
"../../../Engine/Content/EngineSky/VolumetricClouds/m_SimpleVolumetricCloud_Inst.uasset" 269
"../../../Engine/Content/EngineSounds/Master.uasset" 270
"../../../Engine/Content/Functions/Engine_MaterialFunctions01/Shading/PowerToRoughness.uasset" 271
"../../../Engine/Content/Maps/Templates/Thumbnails/Default.uasset" 272
"../../../Engine/Content/Maps/Templates/Thumbnails/TimeOfDay.uasset" 273
"../../../Engine/Content/Maps/Templates/Thumbnails/VR-Basic.uasset" 274
"../../../Engine/Content/MobileResources/T_MobileControls_texture.uasset" 275
"../../../Engine/Content/MobileResources/T_MobileMenu2.uasset" 276
"../../../Engine/Content/MobileResources/HUD/AnalogHat.uasset" 277
"../../../Engine/Content/MobileResources/HUD/VirtualJoystick_Thumb.uasset" 278
"../../../Engine/Content/MobileResources/HUD/VirtualJoystick_Background.uasset" 279
"../../../Engine/Content/MobileResources/HUD/DefaultVirtualJoysticks.uasset" 280
"../../../Engine/Content/MobileResources/HUD/LeftVirtualJoystickOnly.uasset" 281
"../../../Engine/Content/MobileResources/HUD/MobileHUDButton1_off.uasset" 282
"../../../Engine/Content/MobileResources/HUD/MobileHUDButton1_on.uasset" 283
"../../../Engine/Content/MobileResources/HUD/MobileHUDButton2_off.uasset" 284
"../../../Engine/Content/MobileResources/HUD/MobileHUDButton2_on.uasset" 285
"../../../Engine/Content/MobileResources/HUD/MobileHUDButton3.uasset" 286
"../../../Engine/Content/MobileResources/HUD/MobileHUDButtonFire.uasset" 287
"../../../Engine/Content/MobileResources/HUD/MobileHUDDirectionPad.uasset" 288
"../../../Engine/Content/MobileResources/HUD/MobileHUDDirectionPad2.uasset" 289
"../../../Engine/Content/MobileResources/HUD/MobileHUDDirectionPad3.uasset" 290
"../../../Engine/Content/MobileResources/HUD/MobileHUDDirectionStick.uasset" 291
"../../../Engine/Content/MobileResources/HUD/T_Castle_ThumbstickInner.uasset" 292
"../../../Engine/Content/MobileResources/HUD/T_Castle_ThumbstickOutter.uasset" 293
"../../../Engine/Content/Tutorial/ContentIntroCurve.uasset" 294
"../../../Engine/Content/Tutorial/Basics/LevelEditorAttract.uasset" 295
"../../../Engine/Content/Tutorial/Basics/TutorialAssets/icon_tab_Levels_40x.uasset" 296
"../../../Engine/Content/Tutorial/Basics/LevelEditorOverview.uasset" 297
"../../../Engine/Content/VREditor/TransformGizmo/TranslucentTransformGizmoMaterial.uasset" 298
"../../../Engine/Content/VREditor/LaserPointer/VR_LaserPower_01.uasset" 299
"../../../Engine/Content/VREditor/TransformGizmo/TransformGizmoMaterial.uasset" 300
"../../../Engine/Content/VREditor/TransformGizmo/BoundingBoxCorner.uasset" 301
"../../../Engine/Content/VREditor/TransformGizmo/BoundingBoxEdge.uasset" 302
"../../../Engine/Content/VREditor/TransformGizmo/PlaneTranslationHandle.uasset" 303
"../../../Engine/Content/VREditor/TransformGizmo/Xray.uasset" 304
"../../../Engine/Content/VREditor/TransformGizmo/Main.uasset" 305
"../../../Engine/Content/VREditor/TransformGizmo/SM_Sequencer_Key.uasset" 306
"../../../Engine/Content/VREditor/TransformGizmo/SM_Sequencer_Node.uasset" 307
"../../Plugins/2D/Paper2D/Content/PlaceholderTextures/DummySpriteTexture.uasset" 308
"../../Plugins/2D/Paper2D/Content/DummySprite.uasset" 309
"../../Plugins/2D/Paper2D/Content/DefaultPaperTerrainMaterial.uasset" 310
"../../Plugins/2D/Paper2D/Content/DefaultSpriteMaterial.uasset" 311
"../../Plugins/2D/Paper2D/Content/MaskedUnlitSpriteMaterial.uasset" 312
"../../Plugins/2D/Paper2D/Content/OpaqueUnlitSpriteMaterial.uasset" 313
"../../../Engine/Content/Functions/Engine_MaterialFunctions02/Utility/BreakOutFloat3Components.uasset" 314
"../../Plugins/Editor/SpeedTreeImporter/Content/SpeedTree9/UnpackInteger3.uasset" 315
"../../Plugins/Editor/SpeedTreeImporter/Content/SpeedTree9/UnpackDirection.uasset" 316
"../../Plugins/Editor/SpeedTreeImporter/Content/SpeedTree9/game_wind_noise.uasset" 317
"../../../Engine/Content/Functions/Engine_MaterialFunctions02/SafeNormalize.uasset" 318
"../../Plugins/Editor/SpeedTreeImporter/Content/SpeedTree9/SpeedTreeWindMotion.uasset" 319
"../../Plugins/Editor/SpeedTreeImporter/Content/SpeedTree9/SpeedTreeBranchMotion.uasset" 320
"../../../Engine/Content/Functions/Engine_MaterialFunctions02/ObjectLocalBounds.uasset" 321
"../../../Engine/Content/Functions/Engine_MaterialFunctions02/UVs/BoundingBoxBased_0-1_UVW.uasset" 322
"../../Plugins/Editor/SpeedTreeImporter/Content/SpeedTree9/SpeedTreeWind.uasset" 323
"../../Plugins/Editor/SpeedTreeImporter/Content/SpeedTree9/SpeedTreeBillboard.uasset" 324
"../../../Engine/Content/EngineResources/DefaultTexture.uasset" 325
"../../Plugins/Editor/SpeedTreeImporter/Content/SpeedTree9/SpeedTreeBillboardMaster.uasset" 326
"../../Plugins/Editor/SpeedTreeImporter/Content/SpeedTree9/SpeedTreeCameraFacing.uasset" 327
"../../Plugins/Editor/SpeedTreeImporter/Content/SpeedTree9/SpeedTreeMaster.uasset" 328
"../../../Engine/Content/ArtTools/RenderToTexture/Materials/Debug/M_Emissive_Color.uasset" 329
"../../../Engine/Content/BasicShapes/Cylinder.uasset" 330
"../../Plugins/Lumin/MagicLeapPassableWorld/Content/MagicLeapARPinInfoActor.uasset" 331
"../../../Engine/Content/Functions/Engine_MaterialFunctions02/Utility/BreakOutFloat4Components.uasset" 332
"../../../Engine/Content/Functions/Engine_MaterialFunctions02/Utility/MakeFloat3.uasset" 333
"../../Plugins/Runtime/Oculus/OculusVR/Content/Materials/OculusMR_ChromaKey.uasset" 334
"../../Plugins/Runtime/Oculus/OculusVR/Content/Materials/OculusMR_OpaqueColoredMaterial.uasset" 335
"../../Plugins/Runtime/Oculus/OculusVR/Content/Materials/PokeAHoleMaterial.uasset" 336
"C:/Users/smaloney/Documents/Unreal Projects/TargetShoot/Content/TargetShoot/Models/GunRange/S_GunRange_RightWall.uasset" 337
"C:/Users/smaloney/Documents/Unreal Projects/TargetShoot/Content/TargetShoot/Models/GunRange/S_GunRange_LeftWall.uasset" 338
"C:/Users/smaloney/Documents/Unreal Projects/TargetShoot/Content/TargetShoot/Models/GunRange/S_GunRange_FrontWall.uasset" 339
"C:/Users/smaloney/Documents/Unreal Projects/TargetShoot/Content/TargetShoot/Models/GunRange/S_GunRange_Floor.uasset" 340
"C:/Users/smaloney/Documents/Unreal Projects/TargetShoot/Content/TargetShoot/Models/GunRange/S_GunRange_Ceiling.uasset" 341
"C:/Users/smaloney/Documents/Unreal Projects/TargetShoot/Content/TargetShoot/Models/GunRange/S_GunRange_BackStopBottom.uasset" 342
"C:/Users/smaloney/Documents/Unreal Projects/TargetShoot/Content/TargetShoot/Models/GunRange/S_GunRange_BackStop.uasset" 343
"C:/Users/smaloney/Documents/Unreal Projects/TargetShoot/Content/TargetShoot/Models/GunRange/S_GunRange_BackAttachment.uasset" 344
"C:/Users/smaloney/Documents/Unreal Projects/TargetShoot/Content/TargetShoot/Models/CementRubble/S_CementRubble9.uasset" 345
"C:/Users/smaloney/Documents/Unreal Projects/TargetShoot/Content/TargetShoot/Models/CementRubble/S_CementRubble7.uasset" 346
"C:/Users/smaloney/Documents/Unreal Projects/TargetShoot/Content/TargetShoot/Models/CementRubble/S_CementRubble6.uasset" 347
"C:/Users/smaloney/Documents/Unreal Projects/TargetShoot/Content/TargetShoot/Models/CementRubble/S_CementRubble5.uasset" 348
"C:/Users/smaloney/Documents/Unreal Projects/TargetShoot/Content/TargetShoot/Models/CementRubble/S_CementRubble4.uasset" 349
"C:/Users/smaloney/Documents/Unreal Projects/TargetShoot/Content/TargetShoot/Models/CementRubble/S_CementRubble3.uasset" 350
"C:/Users/smaloney/Documents/Unreal Projects/TargetShoot/Content/TargetShoot/Models/CementRubble/S_CementRubble10.uasset" 351
"C:/Users/smaloney/Documents/Unreal Projects/TargetShoot/Content/TargetShoot/Models/CementRubble/S_CementRubble1.uasset" 352
"C:/Users/smaloney/Documents/Unreal Projects/TargetShoot/Content/TargetShoot/Materials/StoneTile/T_StoneTIle_R.uasset" 353
"C:/Users/smaloney/Documents/Unreal Projects/TargetShoot/Content/TargetShoot/Materials/StoneTile/T_StoneTIle_N.uasset" 354
"C:/Users/smaloney/Documents/Unreal Projects/TargetShoot/Content/TargetShoot/Materials/StoneTile/T_StoneTile_D.uasset" 355
"C:/Users/smaloney/Documents/Unreal Projects/TargetShoot/Content/TargetShoot/PhysicalMaterial/PM_Concrete.uasset" 356
"C:/Users/smaloney/Documents/Unreal Projects/TargetShoot/Content/TargetShoot/Materials/StoneTile/MI_StoneTile_Ceiling.uasset" 357
"C:/Users/smaloney/Documents/Unreal Projects/TargetShoot/Content/TargetShoot/Materials/StoneTile/MI_StoneTile.uasset" 358
"C:/Users/smaloney/Documents/Unreal Projects/TargetShoot/Content/TargetShoot/PhysicalMaterial/PM_Wood.uasset" 359
"C:/Users/smaloney/Documents/Unreal Projects/TargetShoot/Content/TargetShoot/Materials/Plywood/T_Plywood_R.uasset" 360
"C:/Users/smaloney/Documents/Unreal Projects/TargetShoot/Content/TargetShoot/Materials/Plywood/T_Plywood_N.uasset" 361
"C:/Users/smaloney/Documents/Unreal Projects/TargetShoot/Content/TargetShoot/Materials/Plywood/T_Plywood_D.uasset" 362
"C:/Users/smaloney/Documents/Unreal Projects/TargetShoot/Content/TargetShoot/Materials/Plywood/MI_Plywood.uasset" 363
"C:/Users/smaloney/Documents/Unreal Projects/TargetShoot/Content/TargetShoot/Materials/CastConcrete/T_CastConcrete_R.uasset" 364
"C:/Users/smaloney/Documents/Unreal Projects/TargetShoot/Content/TargetShoot/Materials/CastConcrete/T_CastConcrete_N.uasset" 365
"C:/Users/smaloney/Documents/Unreal Projects/TargetShoot/Content/TargetShoot/Materials/CastConcrete/T_CastConcrete_D.uasset" 366
"C:/Users/smaloney/Documents/Unreal Projects/TargetShoot/Content/TargetShoot/Materials/CastConcrete/MI_CastConcrete.uasset" 367
"C:/Users/smaloney/Documents/Unreal Projects/TargetShoot/Content/TargetShoot/Maps/Default_P_BuiltData.uasset" 368
"C:/Users/smaloney/Documents/Unreal Projects/TargetShoot/Content/TargetShoot/Models/CementRubble/S_CementRubble8.uasset" 369
"../../Plugins/FX/Niagara/Content/VectorFields/Assets/TilingCurl16.uasset" 370
"../../Plugins/FX/Niagara/Content/Enums/ENiagaraExpansionMode.uasset" 371
"../../Plugins/FX/Niagara/Content/Enums/ENiagaraCurlNoiseQuality.uasset" 372
"../../Plugins/FX/Niagara/Content/VectorFields/Assets/TilingCurl64.uasset" 373
"../../Plugins/FX/Niagara/Content/VectorFields/Assets/TilingCurl32.uasset" 374
"../../Plugins/FX/Niagara/Content/Functions/FindAngleBetweenVectors.uasset" 375
"../../Plugins/FX/Niagara/Content/Functions/V2/RemapRange.uasset" 376
"../../Plugins/FX/Niagara/Content/Functions/V2/ConeMask.uasset" 377
"../../Plugins/FX/Niagara/Content/Functions/Masks/ConeMask.uasset" 378
"../../Plugins/FX/Niagara/Content/Modules/Update/Forces/CurlNoiseForce.uasset" 379
"../../Plugins/FX/Niagara/Content/Functions/RandomPointInBox.uasset" 380
"../../Plugins/FX/Niagara/Content/Functions/IsolateLongestVectorComponent.uasset" 381
"../../Plugins/FX/Niagara/Content/Functions/Rotation/RotateAngleOnAxis.uasset" 382
"../../Plugins/FX/Niagara/Content/Modules/Spawn/Location/BoxLocation.uasset" 383
"../../Plugins/FX/Niagara/Content/DynamicInputs/TypeConversions/Vector2DFromFloat.uasset" 384
"../../Plugins/FX/Niagara/Content/DynamicInputs/Angles/NormalizedAngleToDegrees.uasset" 385
"C:/Users/smaloney/Documents/Unreal Projects/TargetShoot/Content/TargetShoot/FX/NE_DustMotes.uasset" 386
"C:/Users/smaloney/Documents/Unreal Projects/TargetShoot/Content/TargetShoot/FX/NS_Dust_System.uasset" 387
"C:/Users/smaloney/Documents/Unreal Projects/TargetShoot/Content/TargetShoot/PhysicalMaterial/PM_Metal.uasset" 388
"C:/Users/smaloney/Documents/Unreal Projects/TargetShoot/Content/TargetShoot/Materials/MetalPainted/T_MetalPainted_R.uasset" 389
"C:/Users/smaloney/Documents/Unreal Projects/TargetShoot/Content/TargetShoot/Materials/MetalPainted/T_MetalPainted_N.uasset" 390
"C:/Users/smaloney/Documents/Unreal Projects/TargetShoot/Content/TargetShoot/Materials/MetalPainted/T_MetalPainted_D.uasset" 391
"C:/Users/smaloney/Documents/Unreal Projects/TargetShoot/Content/TargetShoot/Materials/MetalPainted/MI_MetalPainted.uasset" 392
"C:/Users/smaloney/Documents/Unreal Projects/TargetShoot/Content/TargetShoot/Materials/ScratchedSteel/T_ScratchedSteel_R.uasset" 393
"C:/Users/smaloney/Documents/Unreal Projects/TargetShoot/Content/TargetShoot/Materials/ScratchedSteel/T_ScratchedSteel_N.uasset" 394
"C:/Users/smaloney/Documents/Unreal Projects/TargetShoot/Content/TargetShoot/Materials/ScratchedSteel/T_ScratchedSteel_D.uasset" 395
"C:/Users/smaloney/Documents/Unreal Projects/TargetShoot/Content/TargetShoot/Materials/ScratchedSteel/MI_ScratchedSteel.uasset" 396
"C:/Users/smaloney/Documents/Unreal Projects/TargetShoot/Content/TargetShoot/Models/Target/S_TargetHolder.uasset" 397
"C:/Users/smaloney/Documents/Unreal Projects/TargetShoot/Content/TargetShoot/Models/Target/RT_BulletHoles.uasset" 398
"C:/Users/smaloney/Documents/Unreal Projects/TargetShoot/Content/TargetShoot/Models/Target/M_TargetWithRT.uasset" 399
"C:/Users/smaloney/Documents/Unreal Projects/TargetShoot/Content/TargetShoot/Models/Target/S_Target.uasset" 400
"C:/Users/smaloney/Documents/Unreal Projects/TargetShoot/Content/TargetShoot/Models/Target/M_WriteToRenderTarget.uasset" 401
"C:/Users/smaloney/Documents/Unreal Projects/TargetShoot/Content/TargetShoot/Blueprints/Environment/BP_TargetActor.uasset" 402
"C:/Users/smaloney/Documents/Unreal Projects/TargetShoot/Content/TargetShoot/Blueprints/Environment/BP_ScoreDisplayActor.uasset" 403
"C:/Users/smaloney/Documents/Unreal Projects/TargetShoot/Content/TargetShoot/Materials/M_Emissive.uasset" 404
"C:/Users/smaloney/Documents/Unreal Projects/TargetShoot/Content/TargetShoot/Models/GunRange/S_GunRange_CenterRail.uasset" 405
"C:/Users/smaloney/Documents/Unreal Projects/TargetShoot/Content/TargetShoot/Blueprints/Environment/BP_LightRailActor.uasset" 406
"C:/Users/smaloney/Documents/Unreal Projects/TargetShoot/Content/TargetShoot/Audio/SW_Ambient.uasset" 407
"C:/Users/smaloney/Documents/Unreal Projects/TargetShoot/Content/TargetShoot/Maps/Default_P.umap" 408
"../../../Engine/Content/Maps/Entry_BuiltData.uasset" 409
"../../../Engine/Content/Maps/Entry.umap" 410
